CRITICAL - 2024-12-22 20:23:41 --> ErrorException: Undefined array key "password"
[Method: POST, Route: authenticate]
in APPPATH\Controllers\UserController.php on line 39.
 1 APPPATH\Controllers\UserController.php(39): CodeIgniter\Debug\Exceptions->errorHandler(2, 'Undefined array key "password"', 'E:\\wamp64\\www\\inventoryapi\\app\\Controllers\\UserController.php', 39)
 2 SYSTEMPATH\CodeIgniter.php(933): App\Controllers\UserController->authenticate()
 3 SYSTEMPATH\CodeIgniter.php(509): CodeIgniter\CodeIgniter->runController(Object(App\Controllers\UserController))
 4 SYSTEMPATH\CodeIgniter.php(355): CodeIgniter\CodeIgniter->handleRequest(null, Object(Config\Cache), false)
 5 SYSTEMPATH\Boot.php(325): CodeIgniter\CodeIgniter->run()
 6 SYSTEMPATH\Boot.php(67): CodeIgniter\Boot::runCodeIgniter(Object(CodeIgniter\CodeIgniter))
 7 FCPATH\index.php(56): CodeIgniter\Boot::bootWeb(Object(Config\Paths))
CRITICAL - 2024-12-22 20:27:42 --> ErrorException: Undefined array key "password"
[Method: POST, Route: authenticate]
in APPPATH\Controllers\UserController.php on line 39.
 1 APPPATH\Controllers\UserController.php(39): CodeIgniter\Debug\Exceptions->errorHandler(2, 'Undefined array key "password"', 'E:\\wamp64\\www\\inventoryapi\\app\\Controllers\\UserController.php', 39)
 2 SYSTEMPATH\CodeIgniter.php(933): App\Controllers\UserController->authenticate()
 3 SYSTEMPATH\CodeIgniter.php(509): CodeIgniter\CodeIgniter->runController(Object(App\Controllers\UserController))
 4 SYSTEMPATH\CodeIgniter.php(355): CodeIgniter\CodeIgniter->handleRequest(null, Object(Config\Cache), false)
 5 SYSTEMPATH\Boot.php(325): CodeIgniter\CodeIgniter->run()
 6 SYSTEMPATH\Boot.php(67): CodeIgniter\Boot::runCodeIgniter(Object(CodeIgniter\CodeIgniter))
 7 FCPATH\index.php(56): CodeIgniter\Boot::bootWeb(Object(Config\Paths))
